
시각 : [2024-07-02 17:52:42]
위치 : 엑셀 라인번호 2
항목 : ["사과","분류명_B"]
내용 : 제품명 중복등록

시각 : [2024-07-02 17:52:01]
위치 : 엑셀 라인번호 2
항목 : ["사과","분류명_B"]
내용 : 제품명 중복등록

시각 : [2024-07-02 17:50:02]
위치 : 엑셀 라인번호 2
항목 : ["사과","분류명_B"]
내용 : SQLSTATE[23000]: Integrity constraint violation: 1062 Duplicate entry '사과-N' for key 'unique_item_delYN'

시각 : [2024-07-02 17:49:25]
위치 : 엑셀 라인번호 2
항목 : ["사과","분류명_B"]
내용 : 알 수 없는 오류 발생

시각 : [2024-07-02 17:42:24]
위치 : 엑셀 라인번호 2
항목 : ["사과","분류명_B"]
내용 : 알 수 없는 오류 발생

시각 : [2024-07-02 17:36:42]
위치 : 엑셀 라인번호 2
항목 : ["사과","분류명_B"]
내용 : 제품명 중복등록

시각 : [2024-07-02 17:32:02]
위치 : 엑셀 라인번호 2
항목 : ["사과","분류명_B"]
내용 : 제품명 중복등록

시각 : [2024-07-02 17:30:24]
위치 : 엑셀 라인번호 3
항목 : ["바나나","분류명_A"]
내용 : 제품명 중복등록

시각 : [2024-07-02 17:14:53]
위치 : 엑셀 라인번호 2
항목 : ["사과","분류명_B"]
내용 : 제품명 중복등록

시각 : [2024-07-02 17:07:48]
위치 : 엑셀 라인번호 2
항목 : ["사과","분류명_B"]
내용 : 제품명 중복등록

시각 : [2024-07-02 17:07:15]
위치 : 엑셀 라인번호 2
항목 : ["사과","분류명_B"]
내용 : 제품명 중복등록

시각 : [2024-07-02 17:06:55]
위치 : 엑셀 라인번호 2
항목 : ["사과","분류명_A"]
내용 : 제품명 중복등록

시각 : [2024-07-02 16:51:21]
위치 : 엑셀 라인번호 2
항목 : ["사과","분류명_A"]
내용 : 제품명 중복등록

시각 : [2024-07-02 16:49:21]
위치 : 엑셀 라인번호 2
항목 : ["사과","분류명_A"]
내용 : 제품명 중복등록

시각 : [2024-07-02 16:48:28]
위치 : 엑셀 라인번호 2
항목 : ["사과","분류명_A"]
내용 : 제품명 중복등록

시각 : [2024-07-02 16:42:01]
위치 : 엑셀 라인번호 2
항목 : ["사과","분류명_A"]
내용 : 제품명 중복등록

시각 : [2024-07-02 16:21:46]
위치 : 엑셀 라인번호 2
항목 : ["사과","분류명_A"]
내용 : 알 수 없는 오류 발생

시각 : [2024-07-02 16:21:17]
위치 : 엑셀 라인번호 2
항목 : ["사과","분류명_A"]
내용 : 알 수 없는 오류 발생

시각 : [2024-07-02 15:25:37]
위치 : 엑셀 라인번호 2
항목 : ["사과","분류명_A"]
내용 : 제품명 중복등록

시각 : [2024-07-02 15:25:10]
위치 : 엑셀 라인번호 2
항목 : ["사과","분류명_A"]
내용 : 제품명 중복등록

시각 : [2024-07-02 15:20:32]
위치 : 엑셀 라인번호 2
항목 : ["수박","분류명_A"]
내용 : SQLSTATE[23000]: Integrity constraint violation: 1062 Duplicate entry '수박' for key 'item_name'

시각 : [2024-07-02 15:19:48]
위치 : 엑셀 라인번호 2
항목 : ["수박","분류명_A"]
내용 : 중복 등록

시각 : [2024-07-02 15:18:34]
위치 : 엑셀 라인번호 2
항목 : ["키위","분류명_N"]
내용 : 입력한 분류명이 없습니다.확인바람!

시각 : [2024-07-02 15:10:58]
위치 : 엑셀 라인번호 2
항목 : ["키위","분류명_N"]
내용 : SQLSTATE[23000]: Integrity constraint violation: 1048 Column 'item_cate' cannot be null

시각 : [2024-07-02 15:09:44]
위치 : 엑셀 라인번호 2
항목 : ["키위","분류명_N"]
내용 : 알 수 없는 오류 발생

시각 : [2024-07-02 15:06:03]
위치 : 엑셀 라인번호 2
항목 : ["수박","분류명_B"]
내용 : ID 중복 등록

시각 : [2024-07-02 14:38:10]
위치 : 엑셀 라인번호 2
항목 : ["파파야","분류명_A"]
내용 : 알 수 없는 오류 발생

시각 : [2024-07-02 14:31:30]
위치 : 엑셀 라인번호 2
항목 : ["파파야","분류명_A"]
내용 : 알 수 없는 오류 발생

시각 : [2024-07-02 14:24:15]
위치 : 엑셀 라인번호 2
항목 : ["사과","분류명_A"]
내용 : 알 수 없는 오류 발생
