
시각 : [2024-07-08 14:12:41]
위치 : 엑셀 라인번호 2
항목 : ["whs204",null]
내용 : 창고명 중복 및 앵글 없음

시각 : [2024-07-08 13:54:03]
위치 : 엑셀 라인번호 3
항목 : ["whs200","AGN20002112"]
내용 : 앵글 중복 등록

시각 : [2024-07-08 13:22:56]
위치 : 엑셀 라인번호 3
항목 : ["whs200","AGN2000211"]
내용 : 앵글 중복 등록

시각 : [2024-07-08 13:09:12]
위치 : 엑셀 라인번호 2
항목 : ["whs200","AGN200094"]
내용 : 앵글 중복 등록

시각 : [2024-07-08 13:08:05]
위치 : 엑셀 라인번호 2
항목 : ["whs200","AGN200094"]
내용 : 앵글 중복 등록

시각 : [2024-07-08 13:05:14]
위치 : 엑셀 라인번호 3
항목 : ["whs200","AGN2000211"]
내용 : 앵글 중복 등록

시각 : [2024-07-08 13:04:57]
위치 : 엑셀 라인번호 2
항목 : ["whs200","AGN20009"]
내용 : 앵글 중복 등록

시각 : [2024-07-08 11:11:33]
위치 : 엑셀 라인번호 2
항목 : ["whs200","AGN20009"]
내용 : 앵글 중복 등록

시각 : [2024-07-05 16:47:46]
위치 : 엑셀 라인번호 4
항목 : ["whs202","AGN20003"]
내용 : 앵글 중복 등록

시각 : [2024-07-05 16:47:25]
위치 : 엑셀 라인번호 3
항목 : ["whs200","AGN20002"]
내용 : 앵글 중복 등록

시각 : [2024-07-05 16:46:46]
위치 : 엑셀 라인번호 2
항목 : ["whs200","AGN20009"]
내용 : 앵글 중복 등록

시각 : [2024-07-05 16:11:01]
위치 : 엑셀 라인번호 2
항목 : ["whs200","AGN20009"]
내용 : 앵글 중복 등록

시각 : [2024-07-05 16:02:12]
위치 : 엑셀 라인번호 2
항목 : ["whs200","AGN20009"]
내용 : 앵글 중복 등록

시각 : [2024-07-05 16:00:53]
위치 : 엑셀 라인번호 4
항목 : ["whs202","AGN20003"]
내용 : 앵글 중복 등록

시각 : [2024-07-05 16:00:29]
위치 : 엑셀 라인번호 3
항목 : ["whs200","AGN20002"]
내용 : 앵글 중복 등록

시각 : [2024-07-05 15:58:33]
위치 : 엑셀 라인번호 2
항목 : ["whs200","AGN20009"]
내용 : 앵글 중복 등록

시각 : [2024-07-05 15:57:26]
위치 : 엑셀 라인번호 2
항목 : ["whs200","AGN20009"]
내용 : 앵글 중복 등록

시각 : [2024-07-05 15:28:25]
위치 : 엑셀 라인번호 4
항목 : ["whs202","AGN20003"]
내용 : 알 수 없는 오류 발생

시각 : [2024-07-05 15:28:25]
위치 : 엑셀 라인번호 3
항목 : ["whs200","AGN20002"]
내용 : 알 수 없는 오류 발생

시각 : [2024-07-05 15:28:25]
위치 : 엑셀 라인번호 2
항목 : ["whs200","AGN20001"]
내용 : 알 수 없는 오류 발생

시각 : [2024-07-05 15:26:54]
위치 : 엑셀 라인번호 4
항목 : ["whs202","AGN10010"]
내용 : 알 수 없는 오류 발생

시각 : [2024-07-05 15:26:54]
위치 : 엑셀 라인번호 3
항목 : ["whs200","AGN10010"]
내용 : 알 수 없는 오류 발생

시각 : [2024-07-05 15:26:54]
위치 : 엑셀 라인번호 2
항목 : ["whs200","AGN10009"]
내용 : 알 수 없는 오류 발생
